# JRE version: Java(TM) SE Runtime Environment (17.0.4.1+1) (build 17.0.4.1+1-LTS-2)
# Java VM: Java HotSpot(TM) 64-Bit Server VM (17.0.4.1+1-LTS-2, mixed mode, sharing, tiered, compressed oops, compressed class ptrs, g1 gc, windows-amd64)
GC Precious Log:
 CPUs: 12 total, 12 available
 Memory: 16303M
 Large Page Support: Disabled
 NUMA Support: Disabled
 Compressed Oops: Enabled (Zero based)
 Heap Region Size: 2M
 Heap Min Capacity: 8M
 Heap Initial Capacity: 256M
 Heap Max Capacity: 4076M
 Pre-touch: Disabled
 Parallel Workers: 10
 Concurrent Workers: 3
 Concurrent Refinement Workers: 10
 Periodic GC: Disabled
Heap:
 garbage-first heap   total 299008K, used 214042K [0x0000000701400000, 0x0000000800000000)
  region size 2048K, 1 young (2048K), 1 survivors (2048K)
 Metaspace       used 802K, committed 1024K, reserved 1056768K
  class space    used 81K, committed 192K, reserved 1048576K
GC Heap History (8 events):
Event: 0.171 GC heap before
{Heap before GC invocations=0 (full 0):
 garbage-first heap   total 262144K, used 131072K [0x0000000701400000, 0x0000000800000000)
  region size 2048K, 10 young (20480K), 0 survivors (0K)
 Metaspace       used 801K, committed 1024K, reserved 1056768K
  class space    used 81K, committed 192K, reserved 1048576K
}
Event: 0.218 GC heap after
{Heap after GC invocations=1 (full 0):
 garbage-first heap   total 262144K, used 115832K [0x0000000701400000, 0x0000000800000000)
  region size 2048K, 1 young (2048K), 1 survivors (2048K)
 Metaspace       used 801K, committed 1024K, reserved 1056768K
  class space    used 81K, committed 192K, reserved 1048576K
}
Event: 0.240 GC heap before
{Heap before GC invocations=1 (full 0):
 garbage-first heap   total 262144K, used 124024K [0x0000000701400000, 0x0000000800000000)
  region size 2048K, 1 young (2048K), 1 survivors (2048K)
 Metaspace       used 802K, committed 1024K, reserved 1056768K
  class space    used 81K, committed 192K, reserved 1048576K
}
Event: 0.286 GC heap after
{Heap after GC invocations=2 (full 0):
 garbage-first heap   total 262144K, used 123938K [0x0000000701400000, 0x0000000800000000)
  region size 2048K, 1 young (2048K), 1 survivors (2048K)
 Metaspace       used 802K, committed 1024K, reserved 1056768K
  class space    used 81K, committed 192K, reserved 1048576K
}
Event: 0.360 GC heap before
{Heap before GC invocations=3 (full 0):
 garbage-first heap   total 262144K, used 119842K [0x0000000701400000, 0x0000000800000000)
  region size 2048K, 1 young (2048K), 1 survivors (2048K)
 Metaspace       used 802K, committed 1024K, reserved 1056768K
  class space    used 81K, committed 192K, reserved 1048576K
}
Event: 0.413 GC heap after
{Heap after GC invocations=4 (full 0):
 garbage-first heap   total 262144K, used 119814K [0x0000000701400000, 0x0000000800000000)
  region size 2048K, 1 young (2048K), 1 survivors (2048K)
 Metaspace       used 802K, committed 1024K, reserved 1056768K
  class space    used 81K, committed 192K, reserved 1048576K
}
Event: 0.495 GC heap before
{Heap before GC invocations=5 (full 0):
 garbage-first heap   total 262144K, used 140294K [0x0000000701400000, 0x0000000800000000)
  region size 2048K, 1 young (2048K), 1 survivors (2048K)
 Metaspace       used 802K, committed 1024K, reserved 1056768K
  class space    used 81K, committed 192K, reserved 1048576K
}
Event: 0.558 GC heap after
{Heap after GC invocations=6 (full 0):
 garbage-first heap   total 262144K, used 140314K [0x0000000701400000, 0x0000000800000000)
  region size 2048K, 1 young (2048K), 1 survivors (2048K)
 Metaspace       used 802K, committed 1024K, reserved 1056768K
  class space    used 81K, committed 192K, reserved 1048576K
}

